<?xml version="1.0" encoding="UTF-8"?>
<coverage generated="1763190179703" clover="3.2.0">
  <project timestamp="1763190179703" name="All files">
    <metrics statements="41" coveredstatements="39" conditionals="28" coveredconditionals="25" methods="4" coveredmethods="4" elements="73" coveredelements="68" complexity="0" loc="41" ncloc="41" packages="1" files="1" classes="1"/>
    <file name="secure-eval.ts" path="/Users/hisgarden/workspace/util/scrypted/common/src/secure-eval.ts">
      <metrics statements="41" coveredstatements="39" conditionals="28" coveredconditionals="25" methods="4" coveredmethods="4"/>
      <line num="8" count="1" type="stmt"/>
      <line num="10" count="1" type="stmt"/>
      <line num="11" count="1" type="stmt"/>
      <line num="20" count="1" type="stmt"/>
      <line num="50" count="33" type="cond" truecount="2" falsecount="0"/>
      <line num="51" count="3" type="stmt"/>
      <line num="55" count="30" type="stmt"/>
      <line num="69" count="30" type="stmt"/>
      <line num="70" count="311" type="cond" truecount="2" falsecount="0"/>
      <line num="71" count="2" type="stmt"/>
      <line num="75" count="28" type="stmt"/>
      <line num="86" count="28" type="stmt"/>
      <line num="97" count="26" type="stmt"/>
      <line num="99" count="26" type="stmt"/>
      <line num="101" count="23" type="cond" truecount="2" falsecount="0"/>
      <line num="103" count="22" type="cond" truecount="5" falsecount="0"/>
      <line num="104" count="21" type="stmt"/>
      <line num="109" count="26" type="stmt"/>
      <line num="119" count="1" type="stmt"/>
      <line num="124" count="38" type="cond" truecount="4" falsecount="0"/>
      <line num="125" count="4" type="stmt"/>
      <line num="128" count="34" type="cond" truecount="1" falsecount="1"/>
      <line num="129" count="0" type="stmt"/>
      <line num="132" count="34" type="cond" truecount="2" falsecount="0"/>
      <line num="133" count="1" type="stmt"/>
      <line num="140" count="33" type="cond" truecount="2" falsecount="0"/>
      <line num="141" count="5" type="stmt"/>
      <line num="144" count="28" type="stmt"/>
      <line num="146" count="28" type="stmt"/>
      <line num="149" count="28" type="stmt"/>
      <line num="152" count="26" type="stmt"/>
      <line num="155" count="26" type="stmt"/>
      <line num="156" count="26" type="stmt"/>
      <line num="157" count="23" type="stmt"/>
      <line num="159" count="23" type="cond" truecount="1" falsecount="1"/>
      <line num="160" count="0" type="stmt"/>
      <line num="164" count="23" type="cond" truecount="4" falsecount="0"/>
      <line num="165" count="1" type="stmt"/>
      <line num="168" count="22" type="stmt"/>
      <line num="171" count="5" type="stmt"/>
      <line num="176" count="5" type="stmt"/>
    </file>
  </project>
</coverage>
