{"/Users/hisgarden/workspace/util/scrypted/common/src/secure-eval.ts": {"path":"/Users/hisgarden/workspace/util/scrypted/common/src/secure-eval.ts","statementMap":{"0":{"start":{"line":119,"column":0},"end":{"line":119,"column":16}},"1":{"start":{"line":8,"column":0},"end":{"line":8,"column":35}},"2":{"start":{"line":10,"column":30},"end":{"line":10,"column":34}},"3":{"start":{"line":11,"column":27},"end":{"line":11,"column":31}},"4":{"start":{"line":20,"column":15},"end":{"line":39,"column":2}},"5":{"start":{"line":50,"column":4},"end":{"line":52,"column":5}},"6":{"start":{"line":51,"column":8},"end":{"line":51,"column":21}},"7":{"start":{"line":55,"column":30},"end":{"line":67,"column":6}},"8":{"start":{"line":69,"column":4},"end":{"line":73,"column":5}},"9":{"start":{"line":70,"column":8},"end":{"line":72,"column":9}},"10":{"start":{"line":71,"column":12},"end":{"line":71,"column":25}},"11":{"start":{"line":75,"column":4},"end":{"line":75,"column":16}},"12":{"start":{"line":86,"column":4},"end":{"line":90,"column":40}},"13":{"start":{"line":97,"column":51},"end":{"line":97,"column":53}},"14":{"start":{"line":99,"column":4},"end":{"line":107,"column":5}},"15":{"start":{"line":101,"column":8},"end":{"line":106,"column":9}},"16":{"start":{"line":103,"column":12},"end":{"line":105,"column":13}},"17":{"start":{"line":104,"column":16},"end":{"line":104,"column":43}},"18":{"start":{"line":109,"column":4},"end":{"line":109,"column":25}},"19":{"start":{"line":124,"column":4},"end":{"line":126,"column":5}},"20":{"start":{"line":125,"column":8},"end":{"line":125,"column":88}},"21":{"start":{"line":128,"column":4},"end":{"line":130,"column":5}},"22":{"start":{"line":129,"column":8},"end":{"line":129,"column":74}},"23":{"start":{"line":132,"column":4},"end":{"line":137,"column":5}},"24":{"start":{"line":133,"column":8},"end":{"line":136,"column":10}},"25":{"start":{"line":140,"column":4},"end":{"line":142,"column":5}},"26":{"start":{"line":141,"column":8},"end":{"line":141,"column":100}},"27":{"start":{"line":144,"column":4},"end":{"line":180,"column":5}},"28":{"start":{"line":146,"column":37},"end":{"line":146,"column":68}},"29":{"start":{"line":149,"column":21},"end":{"line":149,"column":55}},"30":{"start":{"line":152,"column":30},"end":{"line":152,"column":58}},"31":{"start":{"line":155,"column":26},"end":{"line":155,"column":36}},"32":{"start":{"line":156,"column":23},"end":{"line":156,"column":51}},"33":{"start":{"line":157,"column":25},"end":{"line":157,"column":47}},"34":{"start":{"line":159,"column":8},"end":{"line":161,"column":9}},"35":{"start":{"line":160,"column":12},"end":{"line":160,"column":75}},"36":{"start":{"line":164,"column":8},"end":{"line":166,"column":9}},"37":{"start":{"line":165,"column":12},"end":{"line":165,"column":94}},"38":{"start":{"line":168,"column":8},"end":{"line":168,"column":33}},"39":{"start":{"line":171,"column":8},"end":{"line":174,"column":11}},"40":{"start":{"line":176,"column":8},"end":{"line":179,"column":10}}},"fnMap":{"0":{"name":"isValidExpression","decl":{"start":{"line":44,"column":9},"end":{"line":44,"column":26}},"loc":{"start":{"line":44,"column":45},"end":{"line":76,"column":1}}},"1":{"name":"normalizeExpression","decl":{"start":{"line":85,"column":9},"end":{"line":85,"column":28}},"loc":{"start":{"line":85,"column":47},"end":{"line":91,"column":1}}},"2":{"name":"sanitizeVariables","decl":{"start":{"line":96,"column":9},"end":{"line":96,"column":26}},"loc":{"start":{"line":96,"column":61},"end":{"line":110,"column":1}}},"3":{"name":"evaluateExpression","decl":{"start":{"line":119,"column":16},"end":{"line":119,"column":34}},"loc":{"start":{"line":121,"column":43},"end":{"line":181,"column":1}}}},"branchMap":{"0":{"loc":{"start":{"line":50,"column":4},"end":{"line":52,"column":5}},"type":"if","locations":[{"start":{"line":50,"column":4},"end":{"line":52,"column":5}},{"start":{},"end":{}}]},"1":{"loc":{"start":{"line":70,"column":8},"end":{"line":72,"column":9}},"type":"if","locations":[{"start":{"line":70,"column":8},"end":{"line":72,"column":9}},{"start":{},"end":{}}]},"2":{"loc":{"start":{"line":101,"column":8},"end":{"line":106,"column":9}},"type":"if","locations":[{"start":{"line":101,"column":8},"end":{"line":106,"column":9}},{"start":{},"end":{}}]},"3":{"loc":{"start":{"line":103,"column":12},"end":{"line":105,"column":13}},"type":"if","locations":[{"start":{"line":103,"column":12},"end":{"line":105,"column":13}},{"start":{},"end":{}}]},"4":{"loc":{"start":{"line":103,"column":16},"end":{"line":103,"column":83}},"type":"binary-expr","locations":[{"start":{"line":103,"column":16},"end":{"line":103,"column":35}},{"start":{"line":103,"column":39},"end":{"line":103,"column":60}},{"start":{"line":103,"column":64},"end":{"line":103,"column":83}}]},"5":{"loc":{"start":{"line":121,"column":4},"end":{"line":121,"column":43}},"type":"default-arg","locations":[{"start":{"line":121,"column":41},"end":{"line":121,"column":43}}]},"6":{"loc":{"start":{"line":124,"column":4},"end":{"line":126,"column":5}},"type":"if","locations":[{"start":{"line":124,"column":4},"end":{"line":126,"column":5}},{"start":{},"end":{}}]},"7":{"loc":{"start":{"line":124,"column":8},"end":{"line":124,"column":53}},"type":"binary-expr","locations":[{"start":{"line":124,"column":8},"end":{"line":124,"column":19}},{"start":{"line":124,"column":23},"end":{"line":124,"column":53}}]},"8":{"loc":{"start":{"line":128,"column":4},"end":{"line":130,"column":5}},"type":"if","locations":[{"start":{"line":128,"column":4},"end":{"line":130,"column":5}},{"start":{},"end":{}}]},"9":{"loc":{"start":{"line":132,"column":4},"end":{"line":137,"column":5}},"type":"if","locations":[{"start":{"line":132,"column":4},"end":{"line":137,"column":5}},{"start":{},"end":{}}]},"10":{"loc":{"start":{"line":140,"column":4},"end":{"line":142,"column":5}},"type":"if","locations":[{"start":{"line":140,"column":4},"end":{"line":142,"column":5}},{"start":{},"end":{}}]},"11":{"loc":{"start":{"line":159,"column":8},"end":{"line":161,"column":9}},"type":"if","locations":[{"start":{"line":159,"column":8},"end":{"line":161,"column":9}},{"start":{},"end":{}}]},"12":{"loc":{"start":{"line":164,"column":8},"end":{"line":166,"column":9}},"type":"if","locations":[{"start":{"line":164,"column":8},"end":{"line":166,"column":9}},{"start":{},"end":{}}]},"13":{"loc":{"start":{"line":164,"column":12},"end":{"line":164,"column":59}},"type":"binary-expr","locations":[{"start":{"line":164,"column":12},"end":{"line":164,"column":38}},{"start":{"line":164,"column":42},"end":{"line":164,"column":59}}]}},"s":{"0":1,"1":1,"2":1,"3":1,"4":1,"5":33,"6":3,"7":30,"8":30,"9":311,"10":2,"11":28,"12":28,"13":26,"14":26,"15":23,"16":22,"17":21,"18":26,"19":38,"20":4,"21":34,"22":0,"23":34,"24":1,"25":33,"26":5,"27":28,"28":28,"29":28,"30":26,"31":26,"32":26,"33":23,"34":23,"35":0,"36":23,"37":1,"38":22,"39":5,"40":5},"f":{"0":33,"1":28,"2":26,"3":38},"b":{"0":[3,30],"1":[2,309],"2":[22,1],"3":[21,1],"4":[22,22,21],"5":[0],"6":[4,34],"7":[38,35],"8":[0,34],"9":[1,33],"10":[5,28],"11":[0,23],"12":[1,22],"13":[23,11]}}
}
