TN:
SF:src/secure-eval.ts
FN:44,isValidExpression
FN:85,normalizeExpression
FN:96,sanitizeVariables
FN:119,evaluateExpression
FNF:4
FNH:4
FNDA:33,isValidExpression
FNDA:28,normalizeExpression
FNDA:26,sanitizeVariables
FNDA:38,evaluateExpression
DA:8,1
DA:10,1
DA:11,1
DA:20,1
DA:50,33
DA:51,3
DA:55,30
DA:69,30
DA:70,311
DA:71,2
DA:75,28
DA:86,28
DA:97,26
DA:99,26
DA:101,23
DA:103,22
DA:104,21
DA:109,26
DA:119,1
DA:124,38
DA:125,4
DA:128,34
DA:129,0
DA:132,34
DA:133,1
DA:140,33
DA:141,5
DA:144,28
DA:146,28
DA:149,28
DA:152,26
DA:155,26
DA:156,26
DA:157,23
DA:159,23
DA:160,0
DA:164,23
DA:165,1
DA:168,22
DA:171,5
DA:176,5
LF:41
LH:39
BRDA:50,0,0,3
BRDA:50,0,1,30
BRDA:70,1,0,2
BRDA:70,1,1,309
BRDA:101,2,0,22
BRDA:101,2,1,1
BRDA:103,3,0,21
BRDA:103,3,1,1
BRDA:103,4,0,22
BRDA:103,4,1,22
BRDA:103,4,2,21
BRDA:121,5,0,0
BRDA:124,6,0,4
BRDA:124,6,1,34
BRDA:124,7,0,38
BRDA:124,7,1,35
BRDA:128,8,0,0
BRDA:128,8,1,34
BRDA:132,9,0,1
BRDA:132,9,1,33
BRDA:140,10,0,5
BRDA:140,10,1,28
BRDA:159,11,0,0
BRDA:159,11,1,23
BRDA:164,12,0,1
BRDA:164,12,1,22
BRDA:164,13,0,23
BRDA:164,13,1,11
BRF:28
BRH:25
end_of_record
